 --- tremppi_bias has started. --- 
Mon Jul  6 13:51:55 2015 D: Computing function graph data.
Mon Jul  6 13:51:55 2015 D: tremppi_bias finished successfully. --- tremppi_spawn has started. --- 
Mon Jul  6 13:53:05 2015 D: Checking the JSON correctness.
Mon Jul  6 13:53:05 2015 D: Parsing the network.
Mon Jul  6 13:53:05 2015 D: Obtaining kinetics.
Mon Jul  6 13:53:05 2015 D: Creating the database file.
Mon Jul  6 13:53:05 2015 W: Database file C:\Users\adams_000\TREMPPI\javascript\data\database.sqlite already exists, erasing.
Mon Jul  6 13:53:05 2015 D: Writing the database file, in total 26 parametrizations.
Mon Jul  6 13:53:05 2015 D: tremppi_spawn finished successfully. --- tremppi_bias has started. --- 
Mon Jul  6 13:53:09 2015 D: Computing function graph data.
Mon Jul  6 13:53:09 2015 D: tremppi_bias finished successfully. --- tremppi_spawn has started. --- 
Mon Jul  6 15:33:41 2015 D: Checking the JSON correctness.
Mon Jul  6 15:33:41 2015 D: Parsing the network.
Mon Jul  6 15:33:41 2015 D: Obtaining kinetics.
Mon Jul  6 15:33:41 2015 D: Creating the database file.
Mon Jul  6 15:33:41 2015 W: Database file C:\Users\adams_000\TREMPPI\javascript\data\database.sqlite already exists, erasing.
Mon Jul  6 15:33:41 2015 D: Writing the database file, in total 26 parametrizations.
Mon Jul  6 15:33:41 2015 D: tremppi_spawn finished successfully.
 --- tremppi_spawn has started. --- 
Mon Jul  6 15:35:38 2015 D: Checking the JSON correctness.
Mon Jul  6 15:35:38 2015 D: Parsing the network.
Mon Jul  6 15:35:38 2015 D: Obtaining kinetics.
Mon Jul  6 15:35:38 2015 D: Creating the database file.
Mon Jul  6 15:35:38 2015 W: Database file C:\Users\adams_000\TREMPPI\javascript\data\database.sqlite already exists, erasing.
Mon Jul  6 15:35:38 2015 D: Writing the database file, in total 26 parametrizations.
Mon Jul  6 15:35:38 2015 D: tremppi_spawn finished successfully.
 --- tremppi_spawn has started. --- 
Mon Jul  6 15:36:58 2015 D: Checking the JSON correctness.
Mon Jul  6 15:36:58 2015 D: Parsing the network.
Mon Jul  6 15:36:58 2015 D: Obtaining kinetics.
Mon Jul  6 15:36:58 2015 D: Creating the database file.
Mon Jul  6 15:36:58 2015 W: Database file C:\Users\adams_000\TREMPPI\javascript\data\database.sqlite already exists, erasing.
Mon Jul  6 15:36:58 2015 D: Writing the database file, in total 447552 parametrizations.
Mon Jul  6 15:36:58 2015 D: tremppi_spawn finished successfully.
 --- tremppi_spawn has started. --- 
Mon Jul  6 15:42:13 2015 D: Checking the JSON correctness.
Mon Jul  6 15:42:13 2015 D: Parsing the network.
Mon Jul  6 15:42:13 2015 D: Obtaining kinetics.
Mon Jul  6 15:42:13 2015 D: Creating the database file.
Mon Jul  6 15:42:13 2015 W: Database file C:\Users\adams_000\TREMPPI\javascript\data\database.sqlite already exists, erasing.
Mon Jul  6 15:42:13 2015 D: Writing the database file, in total 447552 parametrizations.
Mon Jul  6 15:42:13 2015 D: tremppi_spawn finished successfully.
 --- tremppi_spawn has started. --- 
Mon Jul  6 15:47:52 2015 D: Checking the JSON correctness.
Mon Jul  6 15:47:52 2015 D: Parsing the network.
Mon Jul  6 15:47:52 2015 D: Obtaining kinetics.
Mon Jul  6 15:47:52 2015 D: Creating the database file.
Mon Jul  6 15:47:52 2015 W: Database file C:\Users\adams_000\TREMPPI\javascript\data\database.sqlite already exists, erasing.
 --- tremppi_spawn has started. --- 
Mon Jul  6 15:51:35 2015 D: Checking the JSON correctness.
Mon Jul  6 15:51:35 2015 D: Parsing the network.
Mon Jul  6 15:51:35 2015 D: Obtaining kinetics.
Mon Jul  6 15:51:35 2015 D: Creating the database file.
Mon Jul  6 15:51:35 2015 W: Database file C:\Users\adams_000\TREMPPI\javascript\data\database.sqlite already exists, erasing.
 --- tremppi_spawn has started. --- 
Mon Jul  6 15:56:01 2015 D: Checking the JSON correctness.
Mon Jul  6 15:56:01 2015 D: Parsing the network.
Mon Jul  6 15:56:01 2015 D: Obtaining kinetics.
Mon Jul  6 15:56:01 2015 D: Creating the database file.
Mon Jul  6 15:56:01 2015 W: Database file C:\Users\adams_000\TREMPPI\javascript\data\database.sqlite already exists, erasing.
 --- tremppi_spawn has started. --- 
Mon Jul  6 15:59:19 2015 D: Checking the JSON correctness.
Mon Jul  6 15:59:19 2015 D: Parsing the network.
Mon Jul  6 15:59:19 2015 D: Obtaining kinetics.
Mon Jul  6 15:59:19 2015 D: Creating the database file.
Mon Jul  6 15:59:19 2015 W: Database file C:\Users\adams_000\TREMPPI\javascript\data\database.sqlite already exists, erasing.
 --- tremppi_spawn has started. --- 
Mon Jul  6 16:00:23 2015 D: Checking the JSON correctness.
Mon Jul  6 16:00:23 2015 D: Parsing the network.
Mon Jul  6 16:00:23 2015 D: Obtaining kinetics.
Mon Jul  6 16:00:23 2015 D: Creating the database file.
 --- tremppi_spawn has started. --- 
Mon Jul  6 16:02:32 2015 D: Checking the JSON correctness.
Mon Jul  6 16:02:32 2015 D: Parsing the network.
Mon Jul  6 16:02:32 2015 D: Obtaining kinetics.
Mon Jul  6 16:02:32 2015 D: Creating the database file.
Mon Jul  6 16:02:32 2015 W: Database file C:\Users\adams_000\TREMPPI\javascript\data\database.sqlite already exists, erasing.
 --- tremppi_spawn has started. --- 
Mon Jul  6 16:03:10 2015 D: Checking the JSON correctness.
Mon Jul  6 16:03:10 2015 D: Parsing the network.
Mon Jul  6 16:03:10 2015 D: Obtaining kinetics.
Mon Jul  6 16:03:10 2015 D: Creating the database file.
Mon Jul  6 16:03:10 2015 W: Database file C:\Users\adams_000\TREMPPI\javascript\data\database.sqlite already exists, erasing.
Mon Jul  6 16:03:10 2015 E: Top level exception: boost::filesystem::remove: The process cannot access the file because it is being used by another process: "C:\Users\adams_000\TREMPPI\javascript\data\database.sqlite" --- tremppi_spawn has started. --- 
Mon Jul  6 16:03:17 2015 D: Checking the JSON correctness.
Mon Jul  6 16:03:17 2015 D: Parsing the network.
Mon Jul  6 16:03:17 2015 D: Obtaining kinetics.
Mon Jul  6 16:03:17 2015 D: Creating the database file.
Mon Jul  6 16:03:17 2015 W: Database file C:\Users\adams_000\TREMPPI\javascript\data\database.sqlite already exists, erasing.
Mon Jul  6 16:03:17 2015 D: Writing the database file, in total 447552 parametrizations. --- tremppi_spawn has started. --- 
Mon Jul  6 16:03:55 2015 D: Checking the JSON correctness.
Mon Jul  6 16:03:55 2015 D: Parsing the network.
Mon Jul  6 16:03:55 2015 D: Obtaining kinetics.
Mon Jul  6 16:03:55 2015 D: Creating the database file.
Mon Jul  6 16:03:55 2015 W: Database file C:\Users\adams_000\TREMPPI\javascript\data\database.sqlite already exists, erasing.
 --- tremppi_spawn has started. --- 
Mon Jul  6 16:04:32 2015 D: Checking the JSON correctness.
Mon Jul  6 16:04:32 2015 D: Parsing the network.
Mon Jul  6 16:04:32 2015 D: Obtaining kinetics.
Mon Jul  6 16:04:32 2015 D: Creating the database file.
Mon Jul  6 16:04:32 2015 W: Database file C:\Users\adams_000\TREMPPI\javascript\data\database.sqlite already exists, erasing.
Mon Jul  6 16:04:32 2015 D: Writing the database file, in total 447552 parametrizations. --- tremppi_spawn has started. --- 
Mon Jul  6 16:05:42 2015 D: Checking the JSON correctness.
Mon Jul  6 16:05:42 2015 D: Parsing the network.
Mon Jul  6 16:05:42 2015 D: Obtaining kinetics.
Mon Jul  6 16:05:42 2015 D: Creating the database file.
Mon Jul  6 16:05:42 2015 W: Database file C:\Users\adams_000\TREMPPI\javascript\data\database.sqlite already exists, erasing.
 --- tremppi_spawn has started. --- 
Mon Jul  6 16:08:15 2015 D: Checking the JSON correctness.
Mon Jul  6 16:08:15 2015 D: Parsing the network.
Mon Jul  6 16:08:15 2015 D: Obtaining kinetics.
Mon Jul  6 16:08:15 2015 D: Creating the database file.
Mon Jul  6 16:08:15 2015 W: Database file C:\Users\adams_000\TREMPPI\javascript\data\database.sqlite already exists, erasing.
Mon Jul  6 16:08:15 2015 E: Top level exception: boost::filesystem::remove: The process cannot access the file because it is being used by another process: "C:\Users\adams_000\TREMPPI\javascript\data\database.sqlite" --- tremppi_spawn has started. --- 
Mon Jul  6 16:12:03 2015 D: Checking the JSON correctness.
Mon Jul  6 16:12:03 2015 D: Parsing the network.
Mon Jul  6 16:12:03 2015 D: Obtaining kinetics.
Mon Jul  6 16:12:03 2015 D: Creating the database file.
Mon Jul  6 16:12:03 2015 W: Database file C:\Users\adams_000\TREMPPI\javascript\data\database.sqlite already exists, erasing.
 --- tremppi_spawn has started. --- 
Mon Jul  6 16:13:08 2015 D: Checking the JSON correctness.
Mon Jul  6 16:13:08 2015 D: Parsing the network.
Mon Jul  6 16:13:08 2015 D: Obtaining kinetics.
Mon Jul  6 16:13:08 2015 D: Creating the database file.
Mon Jul  6 16:13:08 2015 W: Database file C:\Users\adams_000\TREMPPI\javascript\data\database.sqlite already exists, erasing.
 --- tremppi_spawn has started. --- 
Mon Jul  6 16:14:16 2015 D: Checking the JSON correctness.
Mon Jul  6 16:14:16 2015 D: Parsing the network.
Mon Jul  6 16:14:16 2015 D: Obtaining kinetics.
Mon Jul  6 16:14:16 2015 D: Creating the database file.
Mon Jul  6 16:14:16 2015 W: Database file C:\Users\adams_000\TREMPPI\javascript\data\database.sqlite already exists, erasing.
 --- tremppi_spawn has started. --- 
Mon Jul  6 16:15:08 2015 D: Checking the JSON correctness.
Mon Jul  6 16:15:08 2015 D: Parsing the network.
Mon Jul  6 16:15:08 2015 D: Obtaining kinetics.
Mon Jul  6 16:15:08 2015 D: Creating the database file.
Mon Jul  6 16:15:08 2015 W: Database file C:\Users\adams_000\TREMPPI\javascript\data\database.sqlite already exists, erasing.
 --- tremppi_spawn has started. --- 
Mon Jul  6 16:16:04 2015 D: Checking the JSON correctness.
Mon Jul  6 16:16:04 2015 D: Parsing the network.
Mon Jul  6 16:16:04 2015 D: Obtaining kinetics.
Mon Jul  6 16:16:04 2015 D: Creating the database file.
Mon Jul  6 16:16:04 2015 W: Database file C:\Users\adams_000\TREMPPI\javascript\data\database.sqlite already exists, erasing.
 --- tremppi_spawn has started. --- 
Mon Jul  6 16:16:42 2015 D: Checking the JSON correctness.
Mon Jul  6 16:16:42 2015 D: Parsing the network.
Mon Jul  6 16:16:42 2015 D: Obtaining kinetics.
Mon Jul  6 16:16:42 2015 D: Creating the database file.
Mon Jul  6 16:16:42 2015 W: Database file C:\Users\adams_000\TREMPPI\javascript\data\database.sqlite already exists, erasing.
 --- tremppi_spawn has started. --- 
Mon Jul  6 16:19:07 2015 D: Checking the JSON correctness.
Mon Jul  6 16:19:07 2015 D: Parsing the network.
Mon Jul  6 16:19:07 2015 D: Obtaining kinetics.
Mon Jul  6 16:19:07 2015 D: Creating the database file.
Mon Jul  6 16:19:07 2015 W: Database file C:\Users\adams_000\TREMPPI\javascript\data\database.sqlite already exists, erasing.
 --- tremppi_spawn has started. --- 
Mon Jul  6 16:20:27 2015 D: Checking the JSON correctness.
Mon Jul  6 16:20:27 2015 D: Parsing the network.
Mon Jul  6 16:20:27 2015 D: Obtaining kinetics.
Mon Jul  6 16:20:27 2015 D: Creating the database file.
Mon Jul  6 16:20:27 2015 W: Database file C:\Users\adams_000\TREMPPI\javascript\data\database.sqlite already exists, erasing.
Mon Jul  6 16:20:27 2015 D: Writing the database file, in total 447552 parametrizations.
Mon Jul  6 16:20:27 2015 D: tremppi_spawn finished successfully.
 --- tremppi_bias has started. --- 
 --- tremppi_spawn has started. --- 
Mon Jul  6 16:24:13 2015 D: Checking the JSON correctness.
Mon Jul  6 16:24:13 2015 D: Parsing the network.
Mon Jul  6 16:24:13 2015 D: Obtaining kinetics.
Mon Jul  6 16:24:13 2015 D: Creating the database file.
Mon Jul  6 16:24:13 2015 D: Writing the database file, in total 26 parametrizations.
Mon Jul  6 16:24:13 2015 D: tremppi_spawn finished successfully.
 --- tremppi_spawn has started. --- 
Mon Jul  6 16:24:14 2015 D: Checking the JSON correctness.
Mon Jul  6 16:24:14 2015 D: Parsing the network.
Mon Jul  6 16:24:14 2015 D: Obtaining kinetics.
Mon Jul  6 16:24:14 2015 D: Creating the database file.
Mon Jul  6 16:24:14 2015 W: Database file C:\Users\adams_000\TREMPPI\javascript\data\database.sqlite already exists, erasing.
Mon Jul  6 16:24:14 2015 D: Writing the database file, in total 26 parametrizations.
Mon Jul  6 16:24:14 2015 D: tremppi_spawn finished successfully.
 --- tremppi_spawn has started. --- 
Mon Jul  6 16:24:14 2015 D: Checking the JSON correctness.
Mon Jul  6 16:24:14 2015 D: Parsing the network.
Mon Jul  6 16:24:14 2015 D: Obtaining kinetics.
Mon Jul  6 16:24:14 2015 D: Creating the database file.
Mon Jul  6 16:24:14 2015 W: Database file C:\Users\adams_000\TREMPPI\javascript\data\database.sqlite already exists, erasing.
Mon Jul  6 16:24:14 2015 D: Writing the database file, in total 26 parametrizations.
Mon Jul  6 16:24:14 2015 D: tremppi_spawn finished successfully.
 --- tremppi_spawn has started. --- 
Mon Jul  6 16:24:20 2015 D: Checking the JSON correctness.
Mon Jul  6 16:24:20 2015 D: Parsing the network.
Mon Jul  6 16:24:20 2015 D: Obtaining kinetics.
Mon Jul  6 16:24:20 2015 D: Creating the database file.
Mon Jul  6 16:24:20 2015 W: Database file C:\Users\adams_000\TREMPPI\javascript\data\database.sqlite already exists, erasing.
Mon Jul  6 16:24:20 2015 D: Writing the database file, in total 26 parametrizations.
Mon Jul  6 16:24:20 2015 D: tremppi_spawn finished successfully.
 --- tremppi_bias has started. --- 
Mon Jul  6 16:24:21 2015 D: Computing function graph data.
Mon Jul  6 16:24:21 2015 D: tremppi_bias finished successfully.
 --- tremppi_spawn has started. --- 
Mon Jul  6 16:28:35 2015 D: Checking the JSON correctness.
Mon Jul  6 16:28:35 2015 D: Parsing the network.
Mon Jul  6 16:28:35 2015 D: Obtaining kinetics.
Mon Jul  6 16:28:35 2015 D: Creating the database file.
Mon Jul  6 16:28:35 2015 W: Database file C:\Users\adams_000\TREMPPI\javascript\data\database.sqlite already exists, erasing.
Mon Jul  6 16:28:35 2015 D: Writing the database file, in total 26 parametrizations.
Mon Jul  6 16:28:35 2015 D: tremppi_spawn finished successfully.
 --- tremppi_spawn has started. --- 
Mon Jul  6 16:28:38 2015 D: Checking the JSON correctness.
Mon Jul  6 16:28:38 2015 D: Parsing the network.
Mon Jul  6 16:28:38 2015 D: Obtaining kinetics.
Mon Jul  6 16:28:38 2015 D: Creating the database file.
Mon Jul  6 16:28:38 2015 W: Database file C:\Users\adams_000\TREMPPI\javascript\data\database.sqlite already exists, erasing.
Mon Jul  6 16:28:38 2015 D: Writing the database file, in total 26 parametrizations.
Mon Jul  6 16:28:38 2015 D: tremppi_spawn finished successfully.
 --- tremppi_spawn has started. --- 
Mon Jul  6 16:28:40 2015 D: Checking the JSON correctness.
Mon Jul  6 16:28:40 2015 D: Parsing the network.
Mon Jul  6 16:28:40 2015 D: Obtaining kinetics.
Mon Jul  6 16:28:40 2015 D: Creating the database file.
Mon Jul  6 16:28:40 2015 W: Database file C:\Users\adams_000\TREMPPI\javascript\data\database.sqlite already exists, erasing.
Mon Jul  6 16:28:40 2015 D: Writing the database file, in total 26 parametrizations.
Mon Jul  6 16:28:40 2015 D: tremppi_spawn finished successfully.
 --- tremppi_spawn has started. --- 
Thu Jul 23 12:09:01 2015 D: Checking the JSON correctness.
Thu Jul 23 12:09:01 2015 D: Parsing the network.
Thu Jul 23 12:09:01 2015 D: Obtaining kinetics.
Thu Jul 23 12:09:01 2015 D: Creating the database file.
Thu Jul 23 12:09:01 2015 W: Database file ./data\database.sqlite already exists, erasing.
Thu Jul 23 12:09:01 2015 D: Writing the database file, in total 26 parametrizations.
Thu Jul 23 12:09:01 2015 D: tremppi_spawn finished successfully.
 --- tremppi_spawn has started. --- 
Thu Jul 23 14:43:13 2015 D: Checking the JSON correctness.
Thu Jul 23 14:43:13 2015 D: Parsing the network.
Thu Jul 23 14:43:13 2015 D: Obtaining kinetics.
Thu Jul 23 14:43:13 2015 D: Creating the database file.
Thu Jul 23 14:43:13 2015 W: Database file .\data\database.sqlite already exists, erasing.
Thu Jul 23 14:43:13 2015 D: Writing the database file, in total 26 parametrizations.
Thu Jul 23 14:43:13 2015 D: tremppi_spawn finished successfully.
 --- tremppi_spawn has started. --- 
Wed Sep 23 12:22:02 2015 D: Checking the JSON correctness.
Wed Sep 23 12:22:03 2015 D: Parsing the network.
Wed Sep 23 12:22:03 2015 D: Obtaining kinetics.
Wed Sep 23 12:22:03 2015 D: Creating the database file.
Wed Sep 23 12:22:03 2015 W: Database file data\database.sqlite already exists, erasing.
Wed Sep 23 12:22:03 2015 D: Writing the database file, in total 26 parametrizations.
Wed Sep 23 12:22:03 2015 D: tremppi_spawn finished successfully.
 --- tremppi_spawn has started. --- 
Wed Sep 23 12:22:29 2015 D: Checking the JSON correctness.
Wed Sep 23 12:22:29 2015 D: Parsing the network.
Wed Sep 23 12:22:29 2015 D: Obtaining kinetics.
Wed Sep 23 12:22:29 2015 D: Creating the database file.
Wed Sep 23 12:22:29 2015 W: Database file data\database.sqlite already exists, erasing.
Wed Sep 23 12:22:30 2015 D: Writing the database file, in total 26 parametrizations.
Wed Sep 23 12:22:30 2015 D: tremppi_spawn finished successfully.
 --- tremppi_spawn has started. --- 
Wed Sep 23 12:22:51 2015 D: Checking the JSON correctness.
Wed Sep 23 12:22:51 2015 D: Parsing the network.
Wed Sep 23 12:22:51 2015 D: Obtaining kinetics.
Wed Sep 23 12:22:51 2015 D: Creating the database file.
Wed Sep 23 12:22:51 2015 W: Database file data\database.sqlite already exists, erasing.
Wed Sep 23 12:22:51 2015 D: Writing the database file, in total 26 parametrizations.
Wed Sep 23 12:22:51 2015 D: tremppi_spawn finished successfully.
 --- tremppi_spawn has started. --- 
Wed Sep 23 12:23:42 2015 D: Checking the JSON correctness.
Wed Sep 23 12:23:42 2015 D: Parsing the network.
Wed Sep 23 12:23:42 2015 D: Obtaining kinetics.
Wed Sep 23 12:23:42 2015 D: Creating the database file.
Wed Sep 23 12:23:42 2015 W: Database file data\database.sqlite already exists, erasing.
Wed Sep 23 12:23:42 2015 D: Writing the database file, in total 26 parametrizations.
Wed Sep 23 12:23:42 2015 D: tremppi_spawn finished successfully.
 --- tremppi_spawn has started. --- 
Wed Sep 23 12:23:50 2015 D: Checking the JSON correctness.
Wed Sep 23 12:23:50 2015 D: Parsing the network.
Wed Sep 23 12:23:50 2015 D: Obtaining kinetics.
Wed Sep 23 12:23:50 2015 D: Creating the database file.
Wed Sep 23 12:23:50 2015 W: Database file data\database.sqlite already exists, erasing.
Wed Sep 23 12:23:50 2015 D: Writing the database file, in total 26 parametrizations.
Wed Sep 23 12:23:50 2015 D: tremppi_spawn finished successfully.
 --- tremppi_spawn has started. --- 
Wed Sep 23 12:25:21 2015 D: Checking the JSON correctness.
Wed Sep 23 12:25:21 2015 D: Parsing the network.
Wed Sep 23 12:25:21 2015 D: Obtaining kinetics.
Wed Sep 23 12:25:21 2015 D: Creating the database file.
Wed Sep 23 12:25:21 2015 W: Database file data\database.sqlite already exists, erasing.
Wed Sep 23 12:25:21 2015 D: Writing the database file, in total 26 parametrizations.
Wed Sep 23 12:25:21 2015 D: tremppi_spawn finished successfully.
 --- tremppi_spawn has started. --- 
Wed Sep 23 12:28:35 2015 D: Checking the JSON correctness.
Wed Sep 23 12:28:35 2015 D: Parsing the network.
Wed Sep 23 12:28:35 2015 D: Obtaining kinetics.
Wed Sep 23 12:28:35 2015 D: Creating the database file.
Wed Sep 23 12:28:35 2015 W: Database file data\database.sqlite already exists, erasing.
Wed Sep 23 12:28:35 2015 D: Writing the database file, in total 26 parametrizations.
Wed Sep 23 12:28:35 2015 D: tremppi_spawn finished successfully.
 --- tremppi_bias has started. --- 
Thu Sep 24 11:07:39 2015 D: Computing function graph data.
Thu Sep 24 11:07:39 2015 D: tremppi_bias finished successfully.
 --- tremppi_qualitative has started. --- 
Thu Sep 24 11:38:13 2015 D: Parsing data.
Thu Sep 24 11:38:13 2015 D: Preparing the data.
Thu Sep 24 11:38:13 2015 D: Reading the values, computing the statistics.
Thu Sep 24 11:38:13 2015 D: Building the JSON file.
Thu Sep 24 11:38:13 2015 D: Writing output.
Thu Sep 24 11:38:13 2015 D: tremppi_qualitative finished successfully.
 --- tremppi_quantitative has started. --- 
Thu Sep 24 11:38:14 2015 D: Parsing data.
Thu Sep 24 11:38:14 2015 D: Preparing the data.
Thu Sep 24 11:38:14 2015 D: Reading the values, computing the statistics.
Thu Sep 24 11:38:14 2015 D: Building the JSON file.
Thu Sep 24 11:38:14 2015 D: Writing output.
Thu Sep 24 11:38:14 2015 D: tremppi_quantitative finished successfully.
 --- tremppi_regulations has started. --- 
Mon Sep 28 10:25:19 2015 D: Parsing data file.
Mon Sep 28 10:25:20 2015 D: Computing regulationsion graph data.
Mon Sep 28 10:25:20 2015 D: Building the JSON files.
Mon Sep 28 10:25:20 2015 D: Writing output.
Mon Sep 28 10:25:20 2015 E: Top level exception: Traceback (most recent call last):

  File "<frozen importlib._bootstrap>", line 2218, in _find_and_load_unlocked

AttributeError: 'module' object has no attribute '__path__'


During handling of the above exception, another exception occurred:


Traceback (most recent call last):

  File "<string>", line 1, in <module>

ImportError: No module named 'configure.configure'; 'configure' is not a package
 --- tremppi_regulations has started. --- 
Mon Sep 28 15:15:04 2015 D: Parsing data file.
Mon Sep 28 15:15:04 2015 D: Computing regulationsion graph data.
Mon Sep 28 15:15:04 2015 D: Building the JSON files.
Mon Sep 28 15:15:04 2015 D: Writing output.
Mon Sep 28 15:15:04 2015 E: Top level exception: Traceback (most recent call last):

  File "<frozen importlib._bootstrap>", line 2218, in _find_and_load_unlocked

AttributeError: 'module' object has no attribute '__path__'


During handling of the above exception, another exception occurred:


Traceback (most recent call last):

  File "<string>", line 1, in <module>

ImportError: No module named 'configure.configure'; 'configure' is not a package
 --- tremppi_regulations has started. --- 
Mon Sep 28 15:18:23 2015 D: Parsing data file.
Mon Sep 28 15:18:23 2015 D: Computing regulationsion graph data.
Mon Sep 28 15:18:23 2015 D:  --- tremppi_regulations has started. --- 
Mon Sep 28 15:28:41 2015 D: Parsing data file.
Mon Sep 28 15:28:41 2015 D: Computing regulationsion graph data.
Mon Sep 28 15:28:41 2015 D: Building the JSON files.
Mon Sep 28 15:28:41 2015 D: Writing output.
Mon Sep 28 15:28:41 2015 D: tremppi_regulations finished successfully.
 --- tremppi_regulations has started. --- 
Mon Sep 28 15:31:31 2015 D: Parsing data file.
Mon Sep 28 15:31:31 2015 D: Computing regulationsion graph data.
Mon Sep 28 15:31:31 2015 D: Building the JSON files.
Mon Sep 28 15:31:31 2015 D: Writing output.
Mon Sep 28 15:31:31 2015 D: tremppi_regulations finished successfully.
 --- tremppi_regulations has started. --- 
Mon Sep 28 15:31:40 2015 D: Parsing data file.
Mon Sep 28 15:31:40 2015 D: Computing regulationsion graph data.
Mon Sep 28 15:31:40 2015 D: Building the JSON files.
Mon Sep 28 15:31:40 2015 D: Writing output.
Mon Sep 28 15:31:41 2015 D: tremppi_regulations finished successfully.
 --- tremppi_sign has started. --- 
Mon Sep 28 15:32:05 2015 E: Top level exception: Traceback (most recent call last):

  File "<frozen importlib._bootstrap>", line 2218, in _find_and_load_unlocked

AttributeError: 'module' object has no attribute '__path__'


During handling of the above exception, another exception occurred:


Traceback (most recent call last):

  File "<string>", line 1, in <module>

ImportError: No module named 'configure.configure'; 'configure' is not a package
 --- tremppi_regulations has started. --- 
Mon Sep 28 15:32:14 2015 D: Parsing data file.
Mon Sep 28 15:32:14 2015 D: Computing regulationsion graph data.
Mon Sep 28 15:32:14 2015 D: Building the JSON files.
Mon Sep 28 15:32:14 2015 D: Writing output.
Mon Sep 28 15:32:14 2015 E: Top level exception: Traceback (most recent call last):

  File "<frozen importlib._bootstrap>", line 2218, in _find_and_load_unlocked

AttributeError: 'module' object has no attribute '__path__'


During handling of the above exception, another exception occurred:


Traceback (most recent call last):

  File "<string>", line 1, in <module>

ImportError: No module named 'configure.configure'; 'configure' is not a package
 --- tremppi_witness has started. --- 
Mon Sep 28 17:33:36 2015 D: Parsing data.
Mon Sep 28 17:33:36 2015 D: Loading witnesses.
Mon Sep 28 17:33:36 2015 E: Top level exception: no such column: W_test_ts --- tremppi_trace has started. --- 
Mon Sep 28 17:34:07 2015 D: Parsing database.
Mon Sep 28 17:34:07 2015 D: Checking the JSON correctness.
Mon Sep 28 17:34:07 2015 D: Parsing the properties.
Mon Sep 28 17:34:07 2015 D: Building a product with the automaton: test_ts
Mon Sep 28 17:34:07 2015 D: Validating for an automaton: test_ts
Mon Sep 28 17:34:07 2015 E: Top level exception: no such column: C_test_ts --- tremppi_witness has started. --- 
Tue Sep 29 15:27:41 2015 D: Parsing data.
Tue Sep 29 15:27:41 2015 D: Loading witnesses.
Tue Sep 29 15:27:41 2015 E: Top level exception: no such column: W_test_cycle --- tremppi_trace has started. --- 
Tue Sep 29 15:28:37 2015 D: Parsing database.
Tue Sep 29 15:28:37 2015 D: Checking the JSON correctness.
Tue Sep 29 15:28:37 2015 D: Parsing the properties.
Tue Sep 29 15:28:37 2015 D: Building a product with the automaton: test_ts
Tue Sep 29 15:28:37 2015 D: Validating for an automaton: test_ts
Tue Sep 29 15:28:37 2015 E: Top level exception: no such column: C_test_ts --- tremppi_witness has started. --- 
Tue Sep 29 15:28:46 2015 D: Parsing data.
Tue Sep 29 15:28:47 2015 D: Loading witnesses.
Tue Sep 29 15:28:47 2015 E: Top level exception: no such column: W_test_cycle --- tremppi_trace has started. --- 
Tue Sep 29 15:29:08 2015 D: Parsing database.
Tue Sep 29 15:29:08 2015 D: Checking the JSON correctness.
Tue Sep 29 15:29:08 2015 D: Parsing the properties.
Tue Sep 29 15:29:08 2015 D: Building a product with the automaton: test_ts
Tue Sep 29 15:29:08 2015 D: Validating for an automaton: test_ts
Tue Sep 29 15:29:08 2015 E: Top level exception: no such column: C_test_ts --- tremppi_cost has started. --- 
Tue Sep 29 15:29:17 2015 D: Parsing database.
Tue Sep 29 15:29:17 2015 D: Checking the JSON correctness.
Tue Sep 29 15:29:17 2015 D: Parsing the properties.
Tue Sep 29 15:29:17 2015 D: Building a product with the automaton: test_ts
Tue Sep 29 15:29:17 2015 D: Validating for an automaton: test_ts
Tue Sep 29 15:29:17 2015 D: Building a product with the automaton: test_cycle
Tue Sep 29 15:29:17 2015 D: Validating for an automaton: test_cycle
Tue Sep 29 15:29:18 2015 E: Top level exception: Traceback (most recent call last):

  File "<frozen importlib._bootstrap>", line 2218, in _find_and_load_unlocked

AttributeError: 'module' object has no attribute '__path__'


During handling of the above exception, another exception occurred:


Traceback (most recent call last):

  File "<string>", line 1, in <module>

ImportError: No module named 'configure.configure'; 'configure' is not a package
 --- tremppi_cost has started. --- 
Tue Sep 29 15:29:27 2015 D: Parsing database.
Tue Sep 29 15:29:27 2015 D: Checking the JSON correctness.
Tue Sep 29 15:29:27 2015 D: Parsing the properties.
Tue Sep 29 15:29:27 2015 D: Building a product with the automaton: test_ts
Tue Sep 29 15:29:27 2015 D: Validating for an automaton: test_ts
Tue Sep 29 15:29:27 2015 D: Building a product with the automaton: test_cycle
Tue Sep 29 15:29:27 2015 D: Validating for an automaton: test_cycle
Tue Sep 29 15:29:27 2015 E: Top level exception: Traceback (most recent call last):

  File "<frozen importlib._bootstrap>", line 2218, in _find_and_load_unlocked

AttributeError: 'module' object has no attribute '__path__'


During handling of the above exception, another exception occurred:


Traceback (most recent call last):

  File "<string>", line 1, in <module>

ImportError: No module named 'configure.configure'; 'configure' is not a package
 --- tremppi_witness has started. --- 
Tue Sep 29 15:32:42 2015 D: Parsing data.
Tue Sep 29 15:32:42 2015 D: Loading witnesses.
Tue Sep 29 15:32:42 2015 E: Top level exception: no such column: W_test_cycle --- tremppi_witness has started. --- 
Tue Sep 29 15:33:03 2015 D: Parsing data.
Tue Sep 29 15:33:03 2015 D: Loading witnesses.
Tue Sep 29 15:33:03 2015 D: Converting to JSON
Tue Sep 29 15:33:03 2015 D: Writing output.
Tue Sep 29 15:33:03 2015 E: Top level exception: Traceback (most recent call last):

  File "<frozen importlib._bootstrap>", line 2218, in _find_and_load_unlocked

AttributeError: 'module' object has no attribute '__path__'


During handling of the above exception, another exception occurred:


Traceback (most recent call last):

  File "<string>", line 1, in <module>

ImportError: No module named 'configure.configure'; 'configure' is not a package
